<?xml version="1.0" encoding="UTF-8"?>
<!-- Generated by org.testng.reporters.JUnitReportReporter -->
<testsuite hostname="Waqass-MacBook-Pro.local" name="com.test.TestDemo" tests="1" failures="0" timestamp="22 May 2018 23:25:58 GMT" time="7.542" errors="0">
  <testcase name="testNew" time="7.542" classname="com.test.TestDemo"/>
</testsuite> <!-- com.test.TestDemo -->
