<?xml version="1.0" encoding="UTF-8"?>
<!-- Generated by org.testng.reporters.JUnitReportReporter -->
<testsuite hostname="Waqass-MacBook-Pro.local" name="com.test.TestDemo" tests="1" failures="0" timestamp="22 May 2018 19:37:35 GMT" time="4.826" errors="0">
  <testcase name="testNew" time="4.826" classname="com.test.TestDemo"/>
</testsuite> <!-- com.test.TestDemo -->
